<?xml version="1.0" encoding="UTF-8"?>
<!-- Generated by org.testng.reporters.JUnitReportReporter -->
<testsuite hostname="DESKTOP-CIRC4LK" name="com.test.actiTimeTest" tests="5" failures="0" timestamp="20 Aug 2020 14:33:06 GMT" time="92.328" errors="0">
  <testcase name="LoginPageTitleTest" time="19.320" classname="com.test.actiTimeTest"/>
  <testcase name="HomePageTitleTest" time="17.399" classname="com.test.actiTimeTest"/>
  <testcase name="SignOut" time="23.716" classname="com.test.actiTimeTest"/>
  <testcase name="SignIn" time="15.599" classname="com.test.actiTimeTest"/>
  <testcase name="SignIn" time="16.294" classname="com.test.actiTimeTest"/>
</testsuite> <!-- com.test.actiTimeTest -->
