<?xml version="1.0" encoding="UTF-8"?>
<!-- Generated by org.testng.reporters.JUnitReportReporter -->
<testsuite hostname="DESKTOP-CIRC4LK" name="com.test.annotations" tests="1" failures="0" timestamp="20 Aug 2020 14:33:06 GMT" time="7.249" errors="0">
  <testcase name="FacebookTitleTest" time="7.249" classname="com.test.annotations"/>
</testsuite> <!-- com.test.annotations -->
